
10
Reading graph
Num Colors: 5
Num nodes: 24
Num edges: 72

Node 1 Color: 0
Node 2 Color: 4
Node 3 Color: 2
Node 4 Color: 3
Node 5 Color: 3
Node 6 Color: 2
Node 7 Color: 1
Node 8 Color: 1
Node 9 Color: 1
Node 10 Color: 1
Node 11 Color: 1
Node 12 Color: 0
Node 13 Color: 0
Node 14 Color: 0
Node 15 Color: 0
Node 16 Color: 0
Node 17 Color: 0
Node 18 Color: 0
Node 19 Color: 0
Node 20 Color: 0
Node 21 Color: 0
Node 22 Color: 0
Node 23 Color: 0
Node 24 Color: 0
Number of Conflicts: 16
