
600
Reading graph
Num Colors: 6
Num nodes: 192
Num edges: 2361

Node 1 Color: 0
Node 2 Color: 4
Node 3 Color: 2
Node 4 Color: 3
Node 5 Color: 3
Node 6 Color: 2
Node 7 Color: 1
Node 8 Color: 1
Node 9 Color: 1
Node 10 Color: 1
Node 11 Color: 1
Node 12 Color: 0
Node 13 Color: 0
Node 14 Color: 0
Node 15 Color: 0
Node 16 Color: 0
Node 17 Color: 0
Node 18 Color: 0
Node 19 Color: 0
Node 20 Color: 0
Node 21 Color: 0
Node 22 Color: 0
Node 23 Color: 0
Node 24 Color: 0
Node 25 Color: 0
Node 26 Color: 0
Node 27 Color: 0
Node 28 Color: 0
Node 29 Color: 0
Node 30 Color: 0
Node 31 Color: 0
Node 32 Color: 0
Node 33 Color: 0
Node 34 Color: 0
Node 35 Color: 0
Node 36 Color: 0
Node 37 Color: 0
Node 38 Color: 0
Node 39 Color: 0
Node 40 Color: 0
Node 41 Color: 0
Node 42 Color: 0
Node 43 Color: 0
Node 44 Color: 0
Node 45 Color: 0
Node 46 Color: 0
Node 47 Color: 0
Node 48 Color: 0
Node 49 Color: 0
Node 50 Color: 0
Node 51 Color: 0
Node 52 Color: 0
Node 53 Color: 0
Node 54 Color: 0
Node 55 Color: 0
Node 56 Color: 0
Node 57 Color: 0
Node 58 Color: 0
Node 59 Color: 0
Node 60 Color: 0
Node 61 Color: 0
Node 62 Color: 0
Node 63 Color: 0
Node 64 Color: 0
Node 65 Color: 0
Node 66 Color: 0
Node 67 Color: 0
Node 68 Color: 0
Node 69 Color: 0
Node 70 Color: 0
Node 71 Color: 0
Node 72 Color: 0
Node 73 Color: 0
Node 74 Color: 0
Node 75 Color: 0
Node 76 Color: 0
Node 77 Color: 0
Node 78 Color: 0
Node 79 Color: 0
Node 80 Color: 0
Node 81 Color: 0
Node 82 Color: 0
Node 83 Color: 0
Node 84 Color: 0
Node 85 Color: 0
Node 86 Color: 0
Node 87 Color: 0
Node 88 Color: 0
Node 89 Color: 0
Node 90 Color: 0
Node 91 Color: 0
Node 92 Color: 0
Node 93 Color: 0
Node 94 Color: 0
Node 95 Color: 0
Node 96 Color: 0
Node 97 Color: 0
Node 98 Color: 0
Node 99 Color: 0
Node 100 Color: 0
Node 101 Color: 0
Node 102 Color: 0
Node 103 Color: 0
Node 104 Color: 0
Node 105 Color: 0
Node 106 Color: 0
Node 107 Color: 0
Node 108 Color: 0
Node 109 Color: 0
Node 110 Color: 0
Node 111 Color: 0
Node 112 Color: 0
Node 113 Color: 0
Node 114 Color: 0
Node 115 Color: 0
Node 116 Color: 0
Node 117 Color: 0
Node 118 Color: 0
Node 119 Color: 0
Node 120 Color: 0
Node 121 Color: 0
Node 122 Color: 0
Node 123 Color: 0
Node 124 Color: 0
Node 125 Color: 0
Node 126 Color: 0
Node 127 Color: 0
Node 128 Color: 0
Node 129 Color: 0
Node 130 Color: 0
Node 131 Color: 0
Node 132 Color: 0
Node 133 Color: 0
Node 134 Color: 0
Node 135 Color: 0
Node 136 Color: 0
Node 137 Color: 0
Node 138 Color: 0
Node 139 Color: 0
Node 140 Color: 0
Node 141 Color: 0
Node 142 Color: 0
Node 143 Color: 0
Node 144 Color: 0
Node 145 Color: 0
Node 146 Color: 0
Node 147 Color: 0
Node 148 Color: 0
Node 149 Color: 0
Node 150 Color: 0
Node 151 Color: 0
Node 152 Color: 0
Node 153 Color: 0
Node 154 Color: 0
Node 155 Color: 0
Node 156 Color: 0
Node 157 Color: 0
Node 158 Color: 0
Node 159 Color: 0
Node 160 Color: 0
Node 161 Color: 0
Node 162 Color: 0
Node 163 Color: 0
Node 164 Color: 0
Node 165 Color: 0
Node 166 Color: 0
Node 167 Color: 0
Node 168 Color: 0
Node 169 Color: 0
Node 170 Color: 0
Node 171 Color: 0
Node 172 Color: 0
Node 173 Color: 0
Node 174 Color: 0
Node 175 Color: 0
Node 176 Color: 0
Node 177 Color: 0
Node 178 Color: 0
Node 179 Color: 0
Node 180 Color: 0
Node 181 Color: 0
Node 182 Color: 0
Node 183 Color: 0
Node 184 Color: 0
Node 185 Color: 0
Node 186 Color: 0
Node 187 Color: 0
Node 188 Color: 0
Node 189 Color: 0
Node 190 Color: 0
Node 191 Color: 0
Node 192 Color: 0
Number of Conflicts: 1815
