
10
Reading graph
Num Colors: 8
Num nodes: 192
Num edges: 2361

Node 1 Color: 1
Node 2 Color: 2
Node 3 Color: 1
Node 4 Color: 2
Node 5 Color: 1
Node 6 Color: 3
Node 7 Color: 2
Node 8 Color: 1
Node 9 Color: 2
Node 10 Color: 1
Node 11 Color: 3
Node 12 Color: 4
Node 13 Color: 2
Node 14 Color: 1
Node 15 Color: 2
Node 16 Color: 1
Node 17 Color: 3
Node 18 Color: 2
Node 19 Color: 1
Node 20 Color: 2
Node 21 Color: 1
Node 22 Color: 3
Node 23 Color: 4
Node 24 Color: 5
Node 25 Color: 2
Node 26 Color: 1
Node 27 Color: 2
Node 28 Color: 1
Node 29 Color: 3
Node 30 Color: 2
Node 31 Color: 1
Node 32 Color: 2
Node 33 Color: 1
Node 34 Color: 3
Node 35 Color: 4
Node 36 Color: 2
Node 37 Color: 1
Node 38 Color: 2
Node 39 Color: 1
Node 40 Color: 3
Node 41 Color: 2
Node 42 Color: 1
Node 43 Color: 2
Node 44 Color: 1
Node 45 Color: 3
Node 46 Color: 4
Node 47 Color: 5
Node 48 Color: 6
Node 49 Color: 2
Node 50 Color: 1
Node 51 Color: 2
Node 52 Color: 1
Node 53 Color: 3
Node 54 Color: 2
Node 55 Color: 1
Node 56 Color: 2
Node 57 Color: 1
Node 58 Color: 3
Node 59 Color: 4
Node 60 Color: 2
Node 61 Color: 1
Node 62 Color: 2
Node 63 Color: 1
Node 64 Color: 3
Node 65 Color: 2
Node 66 Color: 1
Node 67 Color: 2
Node 68 Color: 1
Node 69 Color: 3
Node 70 Color: 4
Node 71 Color: 5
Node 72 Color: 2
Node 73 Color: 1
Node 74 Color: 2
Node 75 Color: 1
Node 76 Color: 3
Node 77 Color: 2
Node 78 Color: 1
Node 79 Color: 2
Node 80 Color: 1
Node 81 Color: 3
Node 82 Color: 4
Node 83 Color: 2
Node 84 Color: 1
Node 85 Color: 2
Node 86 Color: 1
Node 87 Color: 3
Node 88 Color: 2
Node 89 Color: 1
Node 90 Color: 2
Node 91 Color: 1
Node 92 Color: 3
Node 93 Color: 4
Node 94 Color: 5
Node 95 Color: 6
Node 96 Color: 7
Node 97 Color: 2
Node 98 Color: 1
Node 99 Color: 2
Node 100 Color: 1
Node 101 Color: 3
Node 102 Color: 2
Node 103 Color: 1
Node 104 Color: 2
Node 105 Color: 1
Node 106 Color: 3
Node 107 Color: 4
Node 108 Color: 2
Node 109 Color: 1
Node 110 Color: 2
Node 111 Color: 1
Node 112 Color: 3
Node 113 Color: 2
Node 114 Color: 1
Node 115 Color: 2
Node 116 Color: 1
Node 117 Color: 3
Node 118 Color: 4
Node 119 Color: 5
Node 120 Color: 2
Node 121 Color: 1
Node 122 Color: 2
Node 123 Color: 1
Node 124 Color: 3
Node 125 Color: 2
Node 126 Color: 1
Node 127 Color: 2
Node 128 Color: 1
Node 129 Color: 3
Node 130 Color: 4
Node 131 Color: 2
Node 132 Color: 1
Node 133 Color: 2
Node 134 Color: 1
Node 135 Color: 3
Node 136 Color: 2
Node 137 Color: 1
Node 138 Color: 2
Node 139 Color: 1
Node 140 Color: 3
Node 141 Color: 4
Node 142 Color: 5
Node 143 Color: 6
Node 144 Color: 2
Node 145 Color: 1
Node 146 Color: 2
Node 147 Color: 1
Node 148 Color: 3
Node 149 Color: 2
Node 150 Color: 1
Node 151 Color: 2
Node 152 Color: 1
Node 153 Color: 3
Node 154 Color: 4
Node 155 Color: 2
Node 156 Color: 1
Node 157 Color: 2
Node 158 Color: 1
Node 159 Color: 3
Node 160 Color: 2
Node 161 Color: 1
Node 162 Color: 2
Node 163 Color: 1
Node 164 Color: 3
Node 165 Color: 4
Node 166 Color: 5
Node 167 Color: 2
Node 168 Color: 1
Node 169 Color: 2
Node 170 Color: 1
Node 171 Color: 3
Node 172 Color: 2
Node 173 Color: 1
Node 174 Color: 2
Node 175 Color: 1
Node 176 Color: 3
Node 177 Color: 4
Node 178 Color: 2
Node 179 Color: 1
Node 180 Color: 2
Node 181 Color: 1
Node 182 Color: 3
Node 183 Color: 2
Node 184 Color: 1
Node 185 Color: 2
Node 186 Color: 1
Node 187 Color: 3
Node 188 Color: 4
Node 189 Color: 5
Node 190 Color: 6
Node 191 Color: 7
Node 192 Color: 0
Number of Conflicts: 0
