
10
Reading graph
Num Colors: 7
Num nodes: 96
Num edges: 756

Node 1 Color: 1
Node 2 Color: 2
Node 3 Color: 1
Node 4 Color: 2
Node 5 Color: 1
Node 6 Color: 3
Node 7 Color: 2
Node 8 Color: 1
Node 9 Color: 2
Node 10 Color: 1
Node 11 Color: 3
Node 12 Color: 4
Node 13 Color: 2
Node 14 Color: 1
Node 15 Color: 2
Node 16 Color: 1
Node 17 Color: 3
Node 18 Color: 2
Node 19 Color: 1
Node 20 Color: 2
Node 21 Color: 1
Node 22 Color: 3
Node 23 Color: 4
Node 24 Color: 5
Node 25 Color: 2
Node 26 Color: 1
Node 27 Color: 2
Node 28 Color: 1
Node 29 Color: 3
Node 30 Color: 2
Node 31 Color: 1
Node 32 Color: 2
Node 33 Color: 1
Node 34 Color: 3
Node 35 Color: 4
Node 36 Color: 2
Node 37 Color: 1
Node 38 Color: 2
Node 39 Color: 1
Node 40 Color: 3
Node 41 Color: 2
Node 42 Color: 1
Node 43 Color: 2
Node 44 Color: 1
Node 45 Color: 3
Node 46 Color: 4
Node 47 Color: 5
Node 48 Color: 6
Node 49 Color: 2
Node 50 Color: 1
Node 51 Color: 2
Node 52 Color: 1
Node 53 Color: 3
Node 54 Color: 2
Node 55 Color: 1
Node 56 Color: 2
Node 57 Color: 1
Node 58 Color: 3
Node 59 Color: 4
Node 60 Color: 2
Node 61 Color: 1
Node 62 Color: 2
Node 63 Color: 1
Node 64 Color: 3
Node 65 Color: 2
Node 66 Color: 1
Node 67 Color: 2
Node 68 Color: 1
Node 69 Color: 3
Node 70 Color: 4
Node 71 Color: 5
Node 72 Color: 2
Node 73 Color: 1
Node 74 Color: 2
Node 75 Color: 1
Node 76 Color: 3
Node 77 Color: 2
Node 78 Color: 1
Node 79 Color: 2
Node 80 Color: 1
Node 81 Color: 3
Node 82 Color: 4
Node 83 Color: 2
Node 84 Color: 1
Node 85 Color: 2
Node 86 Color: 1
Node 87 Color: 3
Node 88 Color: 2
Node 89 Color: 1
Node 90 Color: 2
Node 91 Color: 1
Node 92 Color: 3
Node 93 Color: 4
Node 94 Color: 5
Node 95 Color: 6
Node 96 Color: 0
Number of Conflicts: 0
