
600
Reading graph
Num Colors: 6
Num nodes: 48
Num edges: 237

Node 1 Color: 0
Node 2 Color: 4
Node 3 Color: 1
Node 4 Color: 3
Node 5 Color: 3
Node 6 Color: 1
Node 7 Color: 2
Node 8 Color: 2
Node 9 Color: 2
Node 10 Color: 2
Node 11 Color: 2
Node 12 Color: 1
Node 13 Color: 0
Node 14 Color: 0
Node 15 Color: 0
Node 16 Color: 0
Node 17 Color: 0
Node 18 Color: 0
Node 19 Color: 0
Node 20 Color: 0
Node 21 Color: 0
Node 22 Color: 0
Node 23 Color: 0
Node 24 Color: 0
Node 25 Color: 0
Node 26 Color: 0
Node 27 Color: 0
Node 28 Color: 0
Node 29 Color: 0
Node 30 Color: 0
Node 31 Color: 0
Node 32 Color: 0
Node 33 Color: 0
Node 34 Color: 0
Node 35 Color: 0
Node 36 Color: 0
Node 37 Color: 0
Node 38 Color: 0
Node 39 Color: 0
Node 40 Color: 0
Node 41 Color: 0
Node 42 Color: 0
Node 43 Color: 0
Node 44 Color: 0
Node 45 Color: 0
Node 46 Color: 0
Node 47 Color: 0
Node 48 Color: 0
Number of Conflicts: 96
